INFO - 2023-12-04 00:12:55 --> Session: Class initialized using 'CodeIgniter\Session\Handlers\FileHandler' driver.
CRITICAL - 2023-12-04 00:15:16 --> Undefined variable $career
in APPPATH\Views\students\index.php on line 41.
 1 APPPATH\Views\students\index.php(41): CodeIgniter\Debug\Exceptions->errorHandler(2, 'Undefined variable $career', 'C:\\xampp\\htdocs\\ISW\\workshop9\\week9\\codeigniter4\\app\\Views\\students\\index.php', 41)
 2 SYSTEMPATH\View\View.php(228): include('C:\\xampp\\htdocs\\ISW\\workshop9\\week9\\codeigniter4\\app\\Views\\students\\index.php')
 3 SYSTEMPATH\View\View.php(231): CodeIgniter\View\View->CodeIgniter\View\{closure}()
 4 SYSTEMPATH\Common.php(1190): CodeIgniter\View\View->render('students/index', [], true)
 5 APPPATH\Controllers\Student.php(19): view('students/index', [...])
 6 SYSTEMPATH\CodeIgniter.php(942): App\Controllers\Student->index()
 7 SYSTEMPATH\CodeIgniter.php(502): CodeIgniter\CodeIgniter->runController(Object(App\Controllers\Student))
 8 SYSTEMPATH\CodeIgniter.php(361): CodeIgniter\CodeIgniter->handleRequest(null, Object(Config\Cache), false)
 9 FCPATH\index.php(79): CodeIgniter\CodeIgniter->run()
CRITICAL - 2023-12-04 00:15:59 --> Undefined variable $careers
in APPPATH\Views\students\index.php on line 41.
 1 APPPATH\Views\students\index.php(41): CodeIgniter\Debug\Exceptions->errorHandler(2, 'Undefined variable $careers', 'C:\\xampp\\htdocs\\ISW\\workshop9\\week9\\codeigniter4\\app\\Views\\students\\index.php', 41)
 2 SYSTEMPATH\View\View.php(228): include('C:\\xampp\\htdocs\\ISW\\workshop9\\week9\\codeigniter4\\app\\Views\\students\\index.php')
 3 SYSTEMPATH\View\View.php(231): CodeIgniter\View\View->CodeIgniter\View\{closure}()
 4 SYSTEMPATH\Common.php(1190): CodeIgniter\View\View->render('students/index', [], true)
 5 APPPATH\Controllers\Student.php(19): view('students/index', [...])
 6 SYSTEMPATH\CodeIgniter.php(942): App\Controllers\Student->index()
 7 SYSTEMPATH\CodeIgniter.php(502): CodeIgniter\CodeIgniter->runController(Object(App\Controllers\Student))
 8 SYSTEMPATH\CodeIgniter.php(361): CodeIgniter\CodeIgniter->handleRequest(null, Object(Config\Cache), false)
 9 FCPATH\index.php(79): CodeIgniter\CodeIgniter->run()
INFO - 2023-12-04 03:25:14 --> Session: Class initialized using 'CodeIgniter\Session\Handlers\FileHandler' driver.
CRITICAL - 2023-12-04 03:25:48 --> Undefined variable $careers
in APPPATH\Views\students\index.php on line 41.
 1 APPPATH\Views\students\index.php(41): CodeIgniter\Debug\Exceptions->errorHandler(2, 'Undefined variable $careers', 'C:\\xampp\\htdocs\\ISW\\workshop9\\week9\\codeigniter4\\app\\Views\\students\\index.php', 41)
 2 SYSTEMPATH\View\View.php(228): include('C:\\xampp\\htdocs\\ISW\\workshop9\\week9\\codeigniter4\\app\\Views\\students\\index.php')
 3 SYSTEMPATH\View\View.php(231): CodeIgniter\View\View->CodeIgniter\View\{closure}()
 4 SYSTEMPATH\Common.php(1190): CodeIgniter\View\View->render('students/index', [], true)
 5 APPPATH\Controllers\Student.php(19): view('students/index', [...])
 6 SYSTEMPATH\CodeIgniter.php(942): App\Controllers\Student->index()
 7 SYSTEMPATH\CodeIgniter.php(502): CodeIgniter\CodeIgniter->runController(Object(App\Controllers\Student))
 8 SYSTEMPATH\CodeIgniter.php(361): CodeIgniter\CodeIgniter->handleRequest(null, Object(Config\Cache), false)
 9 FCPATH\index.php(79): CodeIgniter\CodeIgniter->run()
INFO - 2023-12-04 03:25:50 --> Session: Class initialized using 'CodeIgniter\Session\Handlers\FileHandler' driver.
INFO - 2023-12-04 03:26:49 --> Session: Class initialized using 'CodeIgniter\Session\Handlers\FileHandler' driver.
CRITICAL - 2023-12-04 03:26:53 --> Undefined variable $career
in APPPATH\Views\students\index.php on line 41.
 1 APPPATH\Views\students\index.php(41): CodeIgniter\Debug\Exceptions->errorHandler(2, 'Undefined variable $career', 'C:\\xampp\\htdocs\\ISW\\workshop9\\week9\\codeigniter4\\app\\Views\\students\\index.php', 41)
 2 SYSTEMPATH\View\View.php(228): include('C:\\xampp\\htdocs\\ISW\\workshop9\\week9\\codeigniter4\\app\\Views\\students\\index.php')
 3 SYSTEMPATH\View\View.php(231): CodeIgniter\View\View->CodeIgniter\View\{closure}()
 4 SYSTEMPATH\Common.php(1190): CodeIgniter\View\View->render('students/index', [], true)
 5 APPPATH\Controllers\Student.php(22): view('students/index', [...])
 6 SYSTEMPATH\CodeIgniter.php(942): App\Controllers\Student->index()
 7 SYSTEMPATH\CodeIgniter.php(502): CodeIgniter\CodeIgniter->runController(Object(App\Controllers\Student))
 8 SYSTEMPATH\CodeIgniter.php(361): CodeIgniter\CodeIgniter->handleRequest(null, Object(Config\Cache), false)
 9 FCPATH\index.php(79): CodeIgniter\CodeIgniter->run()
INFO - 2023-12-04 03:27:17 --> Session: Class initialized using 'CodeIgniter\Session\Handlers\FileHandler' driver.
INFO - 2023-12-04 03:28:37 --> Session: Class initialized using 'CodeIgniter\Session\Handlers\FileHandler' driver.
CRITICAL - 2023-12-04 03:28:43 --> Undefined variable $career
in APPPATH\Views\students\index.php on line 41.
 1 APPPATH\Views\students\index.php(41): CodeIgniter\Debug\Exceptions->errorHandler(2, 'Undefined variable $career', 'C:\\xampp\\htdocs\\ISW\\workshop9\\week9\\codeigniter4\\app\\Views\\students\\index.php', 41)
 2 SYSTEMPATH\View\View.php(228): include('C:\\xampp\\htdocs\\ISW\\workshop9\\week9\\codeigniter4\\app\\Views\\students\\index.php')
 3 SYSTEMPATH\View\View.php(231): CodeIgniter\View\View->CodeIgniter\View\{closure}()
 4 SYSTEMPATH\Common.php(1190): CodeIgniter\View\View->render('students/index', [], true)
 5 APPPATH\Controllers\Student.php(22): view('students/index', [...])
 6 SYSTEMPATH\CodeIgniter.php(942): App\Controllers\Student->index()
 7 SYSTEMPATH\CodeIgniter.php(502): CodeIgniter\CodeIgniter->runController(Object(App\Controllers\Student))
 8 SYSTEMPATH\CodeIgniter.php(361): CodeIgniter\CodeIgniter->handleRequest(null, Object(Config\Cache), false)
 9 FCPATH\index.php(79): CodeIgniter\CodeIgniter->run()
INFO - 2023-12-04 03:29:10 --> Session: Class initialized using 'CodeIgniter\Session\Handlers\FileHandler' driver.
INFO - 2023-12-04 03:31:02 --> Session: Class initialized using 'CodeIgniter\Session\Handlers\FileHandler' driver.
CRITICAL - 2023-12-04 03:33:57 --> Undefined variable $careers
in APPPATH\Views\students\index.php on line 43.
 1 APPPATH\Views\students\index.php(43): CodeIgniter\Debug\Exceptions->errorHandler(2, 'Undefined variable $careers', 'C:\\xampp\\htdocs\\ISW\\workshop9\\week9\\codeigniter4\\app\\Views\\students\\index.php', 43)
 2 SYSTEMPATH\View\View.php(228): include('C:\\xampp\\htdocs\\ISW\\workshop9\\week9\\codeigniter4\\app\\Views\\students\\index.php')
 3 SYSTEMPATH\View\View.php(231): CodeIgniter\View\View->CodeIgniter\View\{closure}()
 4 SYSTEMPATH\Common.php(1190): CodeIgniter\View\View->render('students/index', [], true)
 5 APPPATH\Controllers\Student.php(19): view('students/index', [...])
 6 SYSTEMPATH\CodeIgniter.php(942): App\Controllers\Student->index()
 7 SYSTEMPATH\CodeIgniter.php(502): CodeIgniter\CodeIgniter->runController(Object(App\Controllers\Student))
 8 SYSTEMPATH\CodeIgniter.php(361): CodeIgniter\CodeIgniter->handleRequest(null, Object(Config\Cache), false)
 9 FCPATH\index.php(79): CodeIgniter\CodeIgniter->run()
INFO - 2023-12-04 03:37:54 --> Session: Class initialized using 'CodeIgniter\Session\Handlers\FileHandler' driver.
CRITICAL - 2023-12-04 03:38:12 --> Undefined variable $careers
in APPPATH\Views\students\form.php on line 22.
 1 APPPATH\Views\students\form.php(22): CodeIgniter\Debug\Exceptions->errorHandler(2, 'Undefined variable $careers', 'C:\\xampp\\htdocs\\ISW\\workshop9\\week9\\codeigniter4\\app\\Views\\students\\form.php', 22)
 2 SYSTEMPATH\View\View.php(228): include('C:\\xampp\\htdocs\\ISW\\workshop9\\week9\\codeigniter4\\app\\Views\\students\\form.php')
 3 SYSTEMPATH\View\View.php(231): CodeIgniter\View\View->CodeIgniter\View\{closure}()
 4 SYSTEMPATH\Common.php(1190): CodeIgniter\View\View->render('students/form', [], true)
 5 APPPATH\Controllers\Student.php(42): view('students/form', [...])
 6 SYSTEMPATH\CodeIgniter.php(942): App\Controllers\Student->edit('2')
 7 SYSTEMPATH\CodeIgniter.php(502): CodeIgniter\CodeIgniter->runController(Object(App\Controllers\Student))
 8 SYSTEMPATH\CodeIgniter.php(361): CodeIgniter\CodeIgniter->handleRequest(null, Object(Config\Cache), false)
 9 FCPATH\index.php(79): CodeIgniter\CodeIgniter->run()
CRITICAL - 2023-12-04 03:40:02 --> Undefined variable $careers
in APPPATH\Views\students\form.php on line 22.
 1 APPPATH\Views\students\form.php(22): CodeIgniter\Debug\Exceptions->errorHandler(2, 'Undefined variable $careers', 'C:\\xampp\\htdocs\\ISW\\workshop9\\week9\\codeigniter4\\app\\Views\\students\\form.php', 22)
 2 SYSTEMPATH\View\View.php(228): include('C:\\xampp\\htdocs\\ISW\\workshop9\\week9\\codeigniter4\\app\\Views\\students\\form.php')
 3 SYSTEMPATH\View\View.php(231): CodeIgniter\View\View->CodeIgniter\View\{closure}()
 4 SYSTEMPATH\Common.php(1190): CodeIgniter\View\View->render('students/form', [], true)
 5 APPPATH\Controllers\Student.php(42): view('students/form', [...])
 6 SYSTEMPATH\CodeIgniter.php(942): App\Controllers\Student->edit('2')
 7 SYSTEMPATH\CodeIgniter.php(502): CodeIgniter\CodeIgniter->runController(Object(App\Controllers\Student))
 8 SYSTEMPATH\CodeIgniter.php(361): CodeIgniter\CodeIgniter->handleRequest(null, Object(Config\Cache), false)
 9 FCPATH\index.php(79): CodeIgniter\CodeIgniter->run()
INFO - 2023-12-04 03:40:32 --> Session: Class initialized using 'CodeIgniter\Session\Handlers\FileHandler' driver.
INFO - 2023-12-04 03:40:34 --> Session: Class initialized using 'CodeIgniter\Session\Handlers\FileHandler' driver.
INFO - 2023-12-04 03:40:39 --> Session: Class initialized using 'CodeIgniter\Session\Handlers\FileHandler' driver.
INFO - 2023-12-04 03:40:43 --> Session: Class initialized using 'CodeIgniter\Session\Handlers\FileHandler' driver.
INFO - 2023-12-04 03:40:44 --> Session: Class initialized using 'CodeIgniter\Session\Handlers\FileHandler' driver.
INFO - 2023-12-04 03:40:55 --> Session: Class initialized using 'CodeIgniter\Session\Handlers\FileHandler' driver.
CRITICAL - 2023-12-04 03:40:58 --> Undefined variable $careers
in APPPATH\Views\students\form.php on line 22.
 1 APPPATH\Views\students\form.php(22): CodeIgniter\Debug\Exceptions->errorHandler(2, 'Undefined variable $careers', 'C:\\xampp\\htdocs\\ISW\\workshop9\\week9\\codeigniter4\\app\\Views\\students\\form.php', 22)
 2 SYSTEMPATH\View\View.php(228): include('C:\\xampp\\htdocs\\ISW\\workshop9\\week9\\codeigniter4\\app\\Views\\students\\form.php')
 3 SYSTEMPATH\View\View.php(231): CodeIgniter\View\View->CodeIgniter\View\{closure}()
 4 SYSTEMPATH\Common.php(1190): CodeIgniter\View\View->render('students/form', [], true)
 5 APPPATH\Controllers\Student.php(42): view('students/form', [...])
 6 SYSTEMPATH\CodeIgniter.php(942): App\Controllers\Student->edit('7')
 7 SYSTEMPATH\CodeIgniter.php(502): CodeIgniter\CodeIgniter->runController(Object(App\Controllers\Student))
 8 SYSTEMPATH\CodeIgniter.php(361): CodeIgniter\CodeIgniter->handleRequest(null, Object(Config\Cache), false)
 9 FCPATH\index.php(79): CodeIgniter\CodeIgniter->run()
INFO - 2023-12-04 03:42:46 --> Session: Class initialized using 'CodeIgniter\Session\Handlers\FileHandler' driver.
INFO - 2023-12-04 03:42:48 --> Session: Class initialized using 'CodeIgniter\Session\Handlers\FileHandler' driver.
ERROR - 2023-12-04 03:42:50 --> mysqli_sql_exception: Cannot delete or update a parent row: a foreign key constraint fails (`php_web2`.`students`, CONSTRAINT `students_ibfk_1` FOREIGN KEY (`id_career`) REFERENCES `careers` (`id`)) in C:\xampp\htdocs\ISW\workshop9\week9\codeigniter4\system\Database\MySQLi\Connection.php:306
Stack trace:
#0 C:\xampp\htdocs\ISW\workshop9\week9\codeigniter4\system\Database\MySQLi\Connection.php(306): mysqli->query('DELETE FROM `ca...', 0)
#1 C:\xampp\htdocs\ISW\workshop9\week9\codeigniter4\system\Database\BaseConnection.php(693): CodeIgniter\Database\MySQLi\Connection->execute('DELETE FROM `ca...')
#2 C:\xampp\htdocs\ISW\workshop9\week9\codeigniter4\system\Database\BaseConnection.php(607): CodeIgniter\Database\BaseConnection->simpleQuery('DELETE FROM `ca...')
#3 C:\xampp\htdocs\ISW\workshop9\week9\codeigniter4\system\Database\BaseBuilder.php(2790): CodeIgniter\Database\BaseConnection->query('DELETE FROM `ca...', Array, false)
#4 C:\xampp\htdocs\ISW\workshop9\week9\codeigniter4\system\Model.php(445): CodeIgniter\Database\BaseBuilder->delete()
#5 C:\xampp\htdocs\ISW\workshop9\week9\codeigniter4\system\BaseModel.php(1080): CodeIgniter\Model->doDelete(NULL, false)
#6 C:\xampp\htdocs\ISW\workshop9\week9\codeigniter4\app\Controllers\Career.php(57): CodeIgniter\BaseModel->delete()
#7 C:\xampp\htdocs\ISW\workshop9\week9\codeigniter4\system\CodeIgniter.php(942): App\Controllers\Career->delete('2')
#8 C:\xampp\htdocs\ISW\workshop9\week9\codeigniter4\system\CodeIgniter.php(502): CodeIgniter\CodeIgniter->runController(Object(App\Controllers\Career))
#9 C:\xampp\htdocs\ISW\workshop9\week9\codeigniter4\system\CodeIgniter.php(361): CodeIgniter\CodeIgniter->handleRequest(NULL, Object(Config\Cache), false)
#10 C:\xampp\htdocs\ISW\workshop9\week9\codeigniter4\public\index.php(79): CodeIgniter\CodeIgniter->run()
#11 {main}
CRITICAL - 2023-12-04 03:42:51 --> Cannot delete or update a parent row: a foreign key constraint fails (`php_web2`.`students`, CONSTRAINT `students_ibfk_1` FOREIGN KEY (`id_career`) REFERENCES `careers` (`id`))
in SYSTEMPATH\Database\BaseConnection.php on line 647.
 1 SYSTEMPATH\Database\BaseBuilder.php(2790): CodeIgniter\Database\BaseConnection->query('DELETE FROM `careers`
WHERE `id` = :id:', [...], false)
 2 SYSTEMPATH\Model.php(445): CodeIgniter\Database\BaseBuilder->delete()
 3 SYSTEMPATH\BaseModel.php(1080): CodeIgniter\Model->doDelete(null, false)
 4 APPPATH\Controllers\Career.php(57): CodeIgniter\BaseModel->delete()
 5 SYSTEMPATH\CodeIgniter.php(942): App\Controllers\Career->delete('2')
 6 SYSTEMPATH\CodeIgniter.php(502): CodeIgniter\CodeIgniter->runController(Object(App\Controllers\Career))
 7 SYSTEMPATH\CodeIgniter.php(361): CodeIgniter\CodeIgniter->handleRequest(null, Object(Config\Cache), false)
 8 FCPATH\index.php(79): CodeIgniter\CodeIgniter->run()
INFO - 2023-12-04 03:44:08 --> Session: Class initialized using 'CodeIgniter\Session\Handlers\FileHandler' driver.
CRITICAL - 2023-12-04 03:44:10 --> Call to a member function where() on null
in APPPATH\Controllers\Career.php on line 32.
 1 SYSTEMPATH\CodeIgniter.php(942): App\Controllers\Career->edit('1')
 2 SYSTEMPATH\CodeIgniter.php(502): CodeIgniter\CodeIgniter->runController(Object(App\Controllers\Career))
 3 SYSTEMPATH\CodeIgniter.php(361): CodeIgniter\CodeIgniter->handleRequest(null, Object(Config\Cache), false)
 4 FCPATH\index.php(79): CodeIgniter\CodeIgniter->run()
INFO - 2023-12-04 03:44:39 --> Session: Class initialized using 'CodeIgniter\Session\Handlers\FileHandler' driver.
INFO - 2023-12-04 03:44:42 --> Session: Class initialized using 'CodeIgniter\Session\Handlers\FileHandler' driver.
INFO - 2023-12-04 03:44:46 --> Session: Class initialized using 'CodeIgniter\Session\Handlers\FileHandler' driver.
INFO - 2023-12-04 03:44:48 --> Session: Class initialized using 'CodeIgniter\Session\Handlers\FileHandler' driver.
ERROR - 2023-12-04 03:44:50 --> mysqli_sql_exception: Cannot delete or update a parent row: a foreign key constraint fails (`php_web2`.`students`, CONSTRAINT `students_ibfk_1` FOREIGN KEY (`id_career`) REFERENCES `careers` (`id`)) in C:\xampp\htdocs\ISW\workshop9\week9\codeigniter4\system\Database\MySQLi\Connection.php:306
Stack trace:
#0 C:\xampp\htdocs\ISW\workshop9\week9\codeigniter4\system\Database\MySQLi\Connection.php(306): mysqli->query('DELETE FROM `ca...', 0)
#1 C:\xampp\htdocs\ISW\workshop9\week9\codeigniter4\system\Database\BaseConnection.php(693): CodeIgniter\Database\MySQLi\Connection->execute('DELETE FROM `ca...')
#2 C:\xampp\htdocs\ISW\workshop9\week9\codeigniter4\system\Database\BaseConnection.php(607): CodeIgniter\Database\BaseConnection->simpleQuery('DELETE FROM `ca...')
#3 C:\xampp\htdocs\ISW\workshop9\week9\codeigniter4\system\Database\BaseBuilder.php(2790): CodeIgniter\Database\BaseConnection->query('DELETE FROM `ca...', Array, false)
#4 C:\xampp\htdocs\ISW\workshop9\week9\codeigniter4\system\Model.php(445): CodeIgniter\Database\BaseBuilder->delete()
#5 C:\xampp\htdocs\ISW\workshop9\week9\codeigniter4\system\BaseModel.php(1080): CodeIgniter\Model->doDelete(NULL, false)
#6 C:\xampp\htdocs\ISW\workshop9\week9\codeigniter4\app\Controllers\Career.php(57): CodeIgniter\BaseModel->delete()
#7 C:\xampp\htdocs\ISW\workshop9\week9\codeigniter4\system\CodeIgniter.php(942): App\Controllers\Career->delete('2')
#8 C:\xampp\htdocs\ISW\workshop9\week9\codeigniter4\system\CodeIgniter.php(502): CodeIgniter\CodeIgniter->runController(Object(App\Controllers\Career))
#9 C:\xampp\htdocs\ISW\workshop9\week9\codeigniter4\system\CodeIgniter.php(361): CodeIgniter\CodeIgniter->handleRequest(NULL, Object(Config\Cache), false)
#10 C:\xampp\htdocs\ISW\workshop9\week9\codeigniter4\public\index.php(79): CodeIgniter\CodeIgniter->run()
#11 {main}
CRITICAL - 2023-12-04 03:44:50 --> Cannot delete or update a parent row: a foreign key constraint fails (`php_web2`.`students`, CONSTRAINT `students_ibfk_1` FOREIGN KEY (`id_career`) REFERENCES `careers` (`id`))
in SYSTEMPATH\Database\BaseConnection.php on line 647.
 1 SYSTEMPATH\Database\BaseBuilder.php(2790): CodeIgniter\Database\BaseConnection->query('DELETE FROM `careers`
WHERE `id` = :id:', [...], false)
 2 SYSTEMPATH\Model.php(445): CodeIgniter\Database\BaseBuilder->delete()
 3 SYSTEMPATH\BaseModel.php(1080): CodeIgniter\Model->doDelete(null, false)
 4 APPPATH\Controllers\Career.php(57): CodeIgniter\BaseModel->delete()
 5 SYSTEMPATH\CodeIgniter.php(942): App\Controllers\Career->delete('2')
 6 SYSTEMPATH\CodeIgniter.php(502): CodeIgniter\CodeIgniter->runController(Object(App\Controllers\Career))
 7 SYSTEMPATH\CodeIgniter.php(361): CodeIgniter\CodeIgniter->handleRequest(null, Object(Config\Cache), false)
 8 FCPATH\index.php(79): CodeIgniter\CodeIgniter->run()
INFO - 2023-12-04 03:45:01 --> Session: Class initialized using 'CodeIgniter\Session\Handlers\FileHandler' driver.
INFO - 2023-12-04 03:45:02 --> Session: Class initialized using 'CodeIgniter\Session\Handlers\FileHandler' driver.
CRITICAL - 2023-12-04 03:51:23 --> Call to a member function where() on null
in APPPATH\Controllers\Career.php on line 32.
 1 SYSTEMPATH\CodeIgniter.php(942): App\Controllers\Career->edit('2')
 2 SYSTEMPATH\CodeIgniter.php(502): CodeIgniter\CodeIgniter->runController(Object(App\Controllers\Career))
 3 SYSTEMPATH\CodeIgniter.php(361): CodeIgniter\CodeIgniter->handleRequest(null, Object(Config\Cache), false)
 4 FCPATH\index.php(79): CodeIgniter\CodeIgniter->run()
INFO - 2023-12-04 03:52:38 --> Session: Class initialized using 'CodeIgniter\Session\Handlers\FileHandler' driver.
CRITICAL - 2023-12-04 03:52:40 --> Call to a member function where() on null
in APPPATH\Controllers\Career.php on line 32.
 1 SYSTEMPATH\CodeIgniter.php(942): App\Controllers\Career->edit('2')
 2 SYSTEMPATH\CodeIgniter.php(502): CodeIgniter\CodeIgniter->runController(Object(App\Controllers\Career))
 3 SYSTEMPATH\CodeIgniter.php(361): CodeIgniter\CodeIgniter->handleRequest(null, Object(Config\Cache), false)
 4 FCPATH\index.php(79): CodeIgniter\CodeIgniter->run()
INFO - 2023-12-04 03:53:18 --> Session: Class initialized using 'CodeIgniter\Session\Handlers\FileHandler' driver.
INFO - 2023-12-04 03:53:19 --> Session: Class initialized using 'CodeIgniter\Session\Handlers\FileHandler' driver.
INFO - 2023-12-04 03:53:23 --> Session: Class initialized using 'CodeIgniter\Session\Handlers\FileHandler' driver.
ERROR - 2023-12-04 03:53:26 --> mysqli_sql_exception: Cannot delete or update a parent row: a foreign key constraint fails (`php_web2`.`students`, CONSTRAINT `students_ibfk_1` FOREIGN KEY (`id_career`) REFERENCES `careers` (`id`)) in C:\xampp\htdocs\ISW\workshop9\week9\codeigniter4\system\Database\MySQLi\Connection.php:306
Stack trace:
#0 C:\xampp\htdocs\ISW\workshop9\week9\codeigniter4\system\Database\MySQLi\Connection.php(306): mysqli->query('DELETE FROM `ca...', 0)
#1 C:\xampp\htdocs\ISW\workshop9\week9\codeigniter4\system\Database\BaseConnection.php(693): CodeIgniter\Database\MySQLi\Connection->execute('DELETE FROM `ca...')
#2 C:\xampp\htdocs\ISW\workshop9\week9\codeigniter4\system\Database\BaseConnection.php(607): CodeIgniter\Database\BaseConnection->simpleQuery('DELETE FROM `ca...')
#3 C:\xampp\htdocs\ISW\workshop9\week9\codeigniter4\system\Database\BaseBuilder.php(2790): CodeIgniter\Database\BaseConnection->query('DELETE FROM `ca...', Array, false)
#4 C:\xampp\htdocs\ISW\workshop9\week9\codeigniter4\system\Model.php(445): CodeIgniter\Database\BaseBuilder->delete()
#5 C:\xampp\htdocs\ISW\workshop9\week9\codeigniter4\system\BaseModel.php(1080): CodeIgniter\Model->doDelete(NULL, false)
#6 C:\xampp\htdocs\ISW\workshop9\week9\codeigniter4\app\Controllers\Career.php(57): CodeIgniter\BaseModel->delete()
#7 C:\xampp\htdocs\ISW\workshop9\week9\codeigniter4\system\CodeIgniter.php(942): App\Controllers\Career->delete('2')
#8 C:\xampp\htdocs\ISW\workshop9\week9\codeigniter4\system\CodeIgniter.php(502): CodeIgniter\CodeIgniter->runController(Object(App\Controllers\Career))
#9 C:\xampp\htdocs\ISW\workshop9\week9\codeigniter4\system\CodeIgniter.php(361): CodeIgniter\CodeIgniter->handleRequest(NULL, Object(Config\Cache), false)
#10 C:\xampp\htdocs\ISW\workshop9\week9\codeigniter4\public\index.php(79): CodeIgniter\CodeIgniter->run()
#11 {main}
CRITICAL - 2023-12-04 03:53:26 --> Cannot delete or update a parent row: a foreign key constraint fails (`php_web2`.`students`, CONSTRAINT `students_ibfk_1` FOREIGN KEY (`id_career`) REFERENCES `careers` (`id`))
in SYSTEMPATH\Database\BaseConnection.php on line 647.
 1 SYSTEMPATH\Database\BaseBuilder.php(2790): CodeIgniter\Database\BaseConnection->query('DELETE FROM `careers`
WHERE `id` = :id:', [...], false)
 2 SYSTEMPATH\Model.php(445): CodeIgniter\Database\BaseBuilder->delete()
 3 SYSTEMPATH\BaseModel.php(1080): CodeIgniter\Model->doDelete(null, false)
 4 APPPATH\Controllers\Career.php(57): CodeIgniter\BaseModel->delete()
 5 SYSTEMPATH\CodeIgniter.php(942): App\Controllers\Career->delete('2')
 6 SYSTEMPATH\CodeIgniter.php(502): CodeIgniter\CodeIgniter->runController(Object(App\Controllers\Career))
 7 SYSTEMPATH\CodeIgniter.php(361): CodeIgniter\CodeIgniter->handleRequest(null, Object(Config\Cache), false)
 8 FCPATH\index.php(79): CodeIgniter\CodeIgniter->run()
INFO - 2023-12-04 03:53:29 --> Session: Class initialized using 'CodeIgniter\Session\Handlers\FileHandler' driver.
INFO - 2023-12-04 03:53:39 --> Session: Class initialized using 'CodeIgniter\Session\Handlers\FileHandler' driver.
CRITICAL - 2023-12-04 03:53:44 --> Undefined variable $careers
in APPPATH\Views\students\form.php on line 22.
 1 APPPATH\Views\students\form.php(22): CodeIgniter\Debug\Exceptions->errorHandler(2, 'Undefined variable $careers', 'C:\\xampp\\htdocs\\ISW\\workshop9\\week9\\codeigniter4\\app\\Views\\students\\form.php', 22)
 2 SYSTEMPATH\View\View.php(228): include('C:\\xampp\\htdocs\\ISW\\workshop9\\week9\\codeigniter4\\app\\Views\\students\\form.php')
 3 SYSTEMPATH\View\View.php(231): CodeIgniter\View\View->CodeIgniter\View\{closure}()
 4 SYSTEMPATH\Common.php(1190): CodeIgniter\View\View->render('students/form', [], true)
 5 APPPATH\Controllers\Student.php(42): view('students/form', [...])
 6 SYSTEMPATH\CodeIgniter.php(942): App\Controllers\Student->edit('7')
 7 SYSTEMPATH\CodeIgniter.php(502): CodeIgniter\CodeIgniter->runController(Object(App\Controllers\Student))
 8 SYSTEMPATH\CodeIgniter.php(361): CodeIgniter\CodeIgniter->handleRequest(null, Object(Config\Cache), false)
 9 FCPATH\index.php(79): CodeIgniter\CodeIgniter->run()
INFO - 2023-12-04 03:53:52 --> Session: Class initialized using 'CodeIgniter\Session\Handlers\FileHandler' driver.
INFO - 2023-12-04 03:53:53 --> Session: Class initialized using 'CodeIgniter\Session\Handlers\FileHandler' driver.
INFO - 2023-12-04 03:53:55 --> Session: Class initialized using 'CodeIgniter\Session\Handlers\FileHandler' driver.
INFO - 2023-12-04 03:54:11 --> Session: Class initialized using 'CodeIgniter\Session\Handlers\FileHandler' driver.
CRITICAL - 2023-12-04 03:54:16 --> Undefined variable $careers
in APPPATH\Views\students\form.php on line 22.
 1 APPPATH\Views\students\form.php(22): CodeIgniter\Debug\Exceptions->errorHandler(2, 'Undefined variable $careers', 'C:\\xampp\\htdocs\\ISW\\workshop9\\week9\\codeigniter4\\app\\Views\\students\\form.php', 22)
 2 SYSTEMPATH\View\View.php(228): include('C:\\xampp\\htdocs\\ISW\\workshop9\\week9\\codeigniter4\\app\\Views\\students\\form.php')
 3 SYSTEMPATH\View\View.php(231): CodeIgniter\View\View->CodeIgniter\View\{closure}()
 4 SYSTEMPATH\Common.php(1190): CodeIgniter\View\View->render('students/form', [], true)
 5 APPPATH\Controllers\Student.php(42): view('students/form', [...])
 6 SYSTEMPATH\CodeIgniter.php(942): App\Controllers\Student->edit('8')
 7 SYSTEMPATH\CodeIgniter.php(502): CodeIgniter\CodeIgniter->runController(Object(App\Controllers\Student))
 8 SYSTEMPATH\CodeIgniter.php(361): CodeIgniter\CodeIgniter->handleRequest(null, Object(Config\Cache), false)
 9 FCPATH\index.php(79): CodeIgniter\CodeIgniter->run()
CRITICAL - 2023-12-04 03:57:52 --> Undefined variable $careers
in APPPATH\Views\students\form.php on line 22.
 1 APPPATH\Views\students\form.php(22): CodeIgniter\Debug\Exceptions->errorHandler(2, 'Undefined variable $careers', 'C:\\xampp\\htdocs\\ISW\\workshop9\\week9\\codeigniter4\\app\\Views\\students\\form.php', 22)
 2 SYSTEMPATH\View\View.php(228): include('C:\\xampp\\htdocs\\ISW\\workshop9\\week9\\codeigniter4\\app\\Views\\students\\form.php')
 3 SYSTEMPATH\View\View.php(231): CodeIgniter\View\View->CodeIgniter\View\{closure}()
 4 SYSTEMPATH\Common.php(1190): CodeIgniter\View\View->render('students/form', [], true)
 5 APPPATH\Controllers\Student.php(42): view('students/form', [...])
 6 SYSTEMPATH\CodeIgniter.php(942): App\Controllers\Student->edit('8')
 7 SYSTEMPATH\CodeIgniter.php(502): CodeIgniter\CodeIgniter->runController(Object(App\Controllers\Student))
 8 SYSTEMPATH\CodeIgniter.php(361): CodeIgniter\CodeIgniter->handleRequest(null, Object(Config\Cache), false)
 9 FCPATH\index.php(79): CodeIgniter\CodeIgniter->run()
INFO - 2023-12-04 03:59:37 --> Session: Class initialized using 'CodeIgniter\Session\Handlers\FileHandler' driver.
INFO - 2023-12-04 03:59:57 --> Session: Class initialized using 'CodeIgniter\Session\Handlers\FileHandler' driver.
INFO - 2023-12-04 04:00:13 --> Session: Class initialized using 'CodeIgniter\Session\Handlers\FileHandler' driver.
INFO - 2023-12-04 04:00:16 --> Session: Class initialized using 'CodeIgniter\Session\Handlers\FileHandler' driver.
INFO - 2023-12-04 04:00:22 --> Session: Class initialized using 'CodeIgniter\Session\Handlers\FileHandler' driver.
INFO - 2023-12-04 04:00:28 --> Session: Class initialized using 'CodeIgniter\Session\Handlers\FileHandler' driver.
INFO - 2023-12-04 04:00:31 --> Session: Class initialized using 'CodeIgniter\Session\Handlers\FileHandler' driver.
